  === npm audit security report ===                        
                                                                                
# Run  npm install --save-dev mocha@8.2.1  to resolve 2 vulnerabilities
SEMVER WARNING: Recommended action is a potentially breaking change
┌───────────────┬──────────────────────────────────────────────────────────────┐
│ Critical      │ Command Injection                                            │
├───────────────┼──────────────────────────────────────────────────────────────┤
│ Package       │ growl                                                        │
├───────────────┼──────────────────────────────────────────────────────────────┤
│ Dependency of │ mocha [dev]                                                  │
├───────────────┼──────────────────────────────────────────────────────────────┤
│ Path          │ mocha > growl                                                │
├───────────────┼──────────────────────────────────────────────────────────────┤
│ More info     │ https://npmjs.com/advisories/146                             │
└───────────────┴──────────────────────────────────────────────────────────────┘


┌───────────────┬──────────────────────────────────────────────────────────────┐
│ Low           │ Prototype Pollution                                          │
├───────────────┼──────────────────────────────────────────────────────────────┤
│ Package       │ minimist                                                     │
├───────────────┼──────────────────────────────────────────────────────────────┤
│ Dependency of │ mocha [dev]                                                  │
├───────────────┼──────────────────────────────────────────────────────────────┤
│ Path          │ mocha > mkdirp > minimist                                    │
├───────────────┼──────────────────────────────────────────────────────────────┤
│ More info     │ https://npmjs.com/advisories/1179                            │
└───────────────┴──────────────────────────────────────────────────────────────┘


# Run  npm install --save-dev chai-http@4.3.0  to resolve 1 vulnerability
SEMVER WARNING: Recommended action is a potentially breaking change
┌───────────────┬──────────────────────────────────────────────────────────────┐
│ Low           │ Large gzip Denial of Service                                 │
├───────────────┼──────────────────────────────────────────────────────────────┤
│ Package       │ superagent                                                   │
├───────────────┼──────────────────────────────────────────────────────────────┤
│ Dependency of │ chai-http [dev]                                              │
├───────────────┼──────────────────────────────────────────────────────────────┤
│ Path          │ chai-http > superagent                                       │
├───────────────┼──────────────────────────────────────────────────────────────┤
│ More info     │ https://npmjs.com/advisories/479                             │
└───────────────┴──────────────────────────────────────────────────────────────┘


# Run  npm install express@4.17.1  to resolve 10 vulnerabilities
┌───────────────┬──────────────────────────────────────────────────────────────┐
│ High          │ Regular Expression Denial of Service                         │
├───────────────┼──────────────────────────────────────────────────────────────┤
│ Package       │ fresh                                                        │
├───────────────┼──────────────────────────────────────────────────────────────┤
│ Dependency of │ express                                                      │
├───────────────┼──────────────────────────────────────────────────────────────┤
│ Path          │ express > fresh                                              │
├───────────────┼──────────────────────────────────────────────────────────────┤
│ More info     │ https://npmjs.com/advisories/526                             │
└───────────────┴──────────────────────────────────────────────────────────────┘


┌───────────────┬──────────────────────────────────────────────────────────────┐
│ High          │ Regular Expression Denial of Service                         │
├───────────────┼──────────────────────────────────────────────────────────────┤
│ Package       │ fresh                                                        │
├───────────────┼──────────────────────────────────────────────────────────────┤
│ Dependency of │ express                                                      │
├───────────────┼──────────────────────────────────────────────────────────────┤
│ Path          │ express > send > fresh                                       │
├───────────────┼──────────────────────────────────────────────────────────────┤
│ More info     │ https://npmjs.com/advisories/526                             │
└───────────────┴──────────────────────────────────────────────────────────────┘


┌───────────────┬──────────────────────────────────────────────────────────────┐
│ High          │ Regular Expression Denial of Service                         │
├───────────────┼──────────────────────────────────────────────────────────────┤
│ Package       │ fresh                                                        │
├───────────────┼──────────────────────────────────────────────────────────────┤
│ Dependency of │ express                                                      │
├───────────────┼──────────────────────────────────────────────────────────────┤
│ Path          │ express > serve-static > send > fresh                        │
├───────────────┼──────────────────────────────────────────────────────────────┤
│ More info     │ https://npmjs.com/advisories/526                             │
└───────────────┴──────────────────────────────────────────────────────────────┘


┌───────────────┬──────────────────────────────────────────────────────────────┐
│ Low           │ Regular Expression Denial of Service                         │
├───────────────┼──────────────────────────────────────────────────────────────┤
│ Package       │ debug                                                        │
├───────────────┼──────────────────────────────────────────────────────────────┤
│ Dependency of │ express                                                      │
├───────────────┼──────────────────────────────────────────────────────────────┤
│ Path          │ express > debug                                              │
├───────────────┼──────────────────────────────────────────────────────────────┤
│ More info     │ https://npmjs.com/advisories/534                             │
└───────────────┴──────────────────────────────────────────────────────────────┘


┌───────────────┬──────────────────────────────────────────────────────────────┐
│ Low           │ Regular Expression Denial of Service                         │
├───────────────┼──────────────────────────────────────────────────────────────┤
│ Package       │ debug                                                        │
├───────────────┼──────────────────────────────────────────────────────────────┤
│ Dependency of │ express                                                      │
├───────────────┼──────────────────────────────────────────────────────────────┤
│ Path          │ express > finalhandler > debug                               │
├───────────────┼──────────────────────────────────────────────────────────────┤
│ More info     │ https://npmjs.com/advisories/534                             │
└───────────────┴──────────────────────────────────────────────────────────────┘


┌───────────────┬──────────────────────────────────────────────────────────────┐
│ Low           │ Regular Expression Denial of Service                         │
├───────────────┼──────────────────────────────────────────────────────────────┤
│ Package       │ debug                                                        │
├───────────────┼──────────────────────────────────────────────────────────────┤
│ Dependency of │ express                                                      │
├───────────────┼──────────────────────────────────────────────────────────────┤
│ Path          │ express > send > debug                                       │
├───────────────┼──────────────────────────────────────────────────────────────┤
│ More info     │ https://npmjs.com/advisories/534                             │
└───────────────┴──────────────────────────────────────────────────────────────┘


┌───────────────┬──────────────────────────────────────────────────────────────┐
│ Low           │ Regular Expression Denial of Service                         │
├───────────────┼──────────────────────────────────────────────────────────────┤
│ Package       │ debug                                                        │
├───────────────┼──────────────────────────────────────────────────────────────┤
│ Dependency of │ express                                                      │
├───────────────┼──────────────────────────────────────────────────────────────┤
│ Path          │ express > serve-static > send > debug                        │
├───────────────┼──────────────────────────────────────────────────────────────┤
│ More info     │ https://npmjs.com/advisories/534                             │
└───────────────┴──────────────────────────────────────────────────────────────┘


┌───────────────┬──────────────────────────────────────────────────────────────┐
│ Moderate      │ Regular Expression Denial of Service                         │
├───────────────┼──────────────────────────────────────────────────────────────┤
│ Package       │ mime                                                         │
├───────────────┼──────────────────────────────────────────────────────────────┤
│ Dependency of │ express                                                      │
├───────────────┼──────────────────────────────────────────────────────────────┤
│ Path          │ express > send > mime                                        │
├───────────────┼──────────────────────────────────────────────────────────────┤
│ More info     │ https://npmjs.com/advisories/535                             │
└───────────────┴──────────────────────────────────────────────────────────────┘


┌───────────────┬──────────────────────────────────────────────────────────────┐
│ Moderate      │ Regular Expression Denial of Service                         │
├───────────────┼──────────────────────────────────────────────────────────────┤
│ Package       │ mime                                                         │
├───────────────┼──────────────────────────────────────────────────────────────┤
│ Dependency of │ express                                                      │
├───────────────┼──────────────────────────────────────────────────────────────┤
│ Path          │ express > serve-static > send > mime                         │
├───────────────┼──────────────────────────────────────────────────────────────┤
│ More info     │ https://npmjs.com/advisories/535                             │
└───────────────┴──────────────────────────────────────────────────────────────┘


┌───────────────┬──────────────────────────────────────────────────────────────┐
│ High          │ Prototype Pollution Protection Bypass                        │
├───────────────┼──────────────────────────────────────────────────────────────┤
│ Package       │ qs                                                           │
├───────────────┼──────────────────────────────────────────────────────────────┤
│ Dependency of │ express                                                      │
├───────────────┼──────────────────────────────────────────────────────────────┤
│ Path          │ express > qs                                                 │
├───────────────┼──────────────────────────────────────────────────────────────┤
│ More info     │ https://npmjs.com/advisories/1469                            │
└───────────────┴──────────────────────────────────────────────────────────────┘


# Run  npm install body-parser@1.19.0  to resolve 2 vulnerabilities
┌───────────────┬──────────────────────────────────────────────────────────────┐
│ Low           │ Regular Expression Denial of Service                         │
├───────────────┼──────────────────────────────────────────────────────────────┤
│ Package       │ debug                                                        │
├───────────────┼──────────────────────────────────────────────────────────────┤
│ Dependency of │ body-parser                                                  │
├───────────────┼──────────────────────────────────────────────────────────────┤
│ Path          │ body-parser > debug                                          │
├───────────────┼──────────────────────────────────────────────────────────────┤
│ More info     │ https://npmjs.com/advisories/534                             │
└───────────────┴──────────────────────────────────────────────────────────────┘


┌───────────────┬──────────────────────────────────────────────────────────────┐
│ High          │ Prototype Pollution Protection Bypass                        │
├───────────────┼──────────────────────────────────────────────────────────────┤
│ Package       │ qs                                                           │
├───────────────┼──────────────────────────────────────────────────────────────┤
│ Dependency of │ body-parser                                                  │
├───────────────┼──────────────────────────────────────────────────────────────┤
│ Path          │ body-parser > qs                                             │
├───────────────┼──────────────────────────────────────────────────────────────┤
│ More info     │ https://npmjs.com/advisories/1469                            │
└───────────────┴──────────────────────────────────────────────────────────────┘


# Run  npm install --save-dev jsdom@16.4.0  to resolve 1 vulnerability
SEMVER WARNING: Recommended action is a potentially breaking change
┌───────────────┬──────────────────────────────────────────────────────────────┐
│ Moderate      │ Regular Expression Denial of Service                         │
├───────────────┼──────────────────────────────────────────────────────────────┤
│ Package       │ acorn                                                        │
├───────────────┼──────────────────────────────────────────────────────────────┤
│ Dependency of │ jsdom [dev]                                                  │
├───────────────┼──────────────────────────────────────────────────────────────┤
│ Path          │ jsdom > acorn                                                │
├───────────────┼──────────────────────────────────────────────────────────────┤
│ More info     │ https://npmjs.com/advisories/1488                            │
└───────────────┴──────────────────────────────────────────────────────────────┘


# Run  npm update debug --depth 3  to resolve 1 vulnerability
┌───────────────┬──────────────────────────────────────────────────────────────┐
│ Low           │ Regular Expression Denial of Service                         │
├───────────────┼──────────────────────────────────────────────────────────────┤
│ Package       │ debug                                                        │
├───────────────┼──────────────────────────────────────────────────────────────┤
│ Dependency of │ chai-http [dev]                                              │
├───────────────┼──────────────────────────────────────────────────────────────┤
│ Path          │ chai-http > superagent > debug                               │
├───────────────┼──────────────────────────────────────────────────────────────┤
│ More info     │ https://npmjs.com/advisories/534                             │
└───────────────┴──────────────────────────────────────────────────────────────┘


# Run  npm update mime --depth 3  to resolve 1 vulnerability
┌───────────────┬──────────────────────────────────────────────────────────────┐
│ Moderate      │ Regular Expression Denial of Service                         │
├───────────────┼──────────────────────────────────────────────────────────────┤
│ Package       │ mime                                                         │
├───────────────┼──────────────────────────────────────────────────────────────┤
│ Dependency of │ chai-http [dev]                                              │
├───────────────┼──────────────────────────────────────────────────────────────┤
│ Path          │ chai-http > superagent > mime                                │
├───────────────┼──────────────────────────────────────────────────────────────┤
│ More info     │ https://npmjs.com/advisories/535                             │
└───────────────┴──────────────────────────────────────────────────────────────┘


# Run  npm update lodash --depth 4  to resolve 2 vulnerabilities
┌───────────────┬──────────────────────────────────────────────────────────────┐
│ High          │ Prototype Pollution                                          │
├───────────────┼──────────────────────────────────────────────────────────────┤
│ Package       │ lodash                                                       │
├───────────────┼──────────────────────────────────────────────────────────────┤
│ Dependency of │ jsdom [dev]                                                  │
├───────────────┼──────────────────────────────────────────────────────────────┤
│ Path          │ jsdom > request-promise-native > request-promise-core >      │
│               │ lodash                                                       │
├───────────────┼──────────────────────────────────────────────────────────────┤
│ More info     │ https://npmjs.com/advisories/1065                            │
└───────────────┴──────────────────────────────────────────────────────────────┘


┌───────────────┬──────────────────────────────────────────────────────────────┐
│ Low           │ Prototype Pollution                                          │
├───────────────┼──────────────────────────────────────────────────────────────┤
│ Package       │ lodash                                                       │
├───────────────┼──────────────────────────────────────────────────────────────┤
│ Dependency of │ jsdom [dev]                                                  │
├───────────────┼──────────────────────────────────────────────────────────────┤
│ Path          │ jsdom > request-promise-native > request-promise-core >      │
│               │ lodash                                                       │
├───────────────┼──────────────────────────────────────────────────────────────┤
│ More info     │ https://npmjs.com/advisories/1523                            │
└───────────────┴──────────────────────────────────────────────────────────────┘


# Run  npm update qs --depth 3  to resolve 2 vulnerabilities
┌───────────────┬──────────────────────────────────────────────────────────────┐
│ High          │ Prototype Pollution Protection Bypass                        │
├───────────────┼──────────────────────────────────────────────────────────────┤
│ Package       │ qs                                                           │
├───────────────┼──────────────────────────────────────────────────────────────┤
│ Dependency of │ chai-http [dev]                                              │
├───────────────┼──────────────────────────────────────────────────────────────┤
│ Path          │ chai-http > qs                                               │
├───────────────┼──────────────────────────────────────────────────────────────┤
│ More info     │ https://npmjs.com/advisories/1469                            │
└───────────────┴──────────────────────────────────────────────────────────────┘


┌───────────────┬──────────────────────────────────────────────────────────────┐
│ High          │ Prototype Pollution Protection Bypass                        │
├───────────────┼──────────────────────────────────────────────────────────────┤
│ Package       │ qs                                                           │
├───────────────┼──────────────────────────────────────────────────────────────┤
│ Dependency of │ chai-http [dev]                                              │
├───────────────┼──────────────────────────────────────────────────────────────┤
│ Path          │ chai-http > superagent > qs                                  │
├───────────────┼──────────────────────────────────────────────────────────────┤
│ More info     │ https://npmjs.com/advisories/1469                            │
└───────────────┴──────────────────────────────────────────────────────────────┘


# Run  npm update acorn --depth 3  to resolve 1 vulnerability
┌───────────────┬──────────────────────────────────────────────────────────────┐
│ Moderate      │ Regular Expression Denial of Service                         │
├───────────────┼──────────────────────────────────────────────────────────────┤
│ Package       │ acorn                                                        │
├───────────────┼──────────────────────────────────────────────────────────────┤
│ Dependency of │ jsdom [dev]                                                  │
├───────────────┼──────────────────────────────────────────────────────────────┤
│ Path          │ jsdom > acorn-globals > acorn                                │
├───────────────┼──────────────────────────────────────────────────────────────┤
│ More info     │ https://npmjs.com/advisories/1488                            │
└───────────────┴──────────────────────────────────────────────────────────────┘


┌──────────────────────────────────────────────────────────────────────────────┐
│                                Manual Review                                 │
│            Some vulnerabilities require your attention to resolve            │
│                                                                              │
│         Visit https://go.npm.me/audit-guide for additional guidance          │
└──────────────────────────────────────────────────────────────────────────────┘
┌───────────────┬──────────────────────────────────────────────────────────────┐
│ Low           │ Regular Expression Denial of Service                         │
├───────────────┼──────────────────────────────────────────────────────────────┤
│ Package       │ debug                                                        │
├───────────────┼──────────────────────────────────────────────────────────────┤
│ Patched in    │ >= 2.6.9 < 3.0.0 || >= 3.1.0                                 │
├───────────────┼──────────────────────────────────────────────────────────────┤
│ Dependency of │ mocha [dev]                                                  │
├───────────────┼──────────────────────────────────────────────────────────────┤
│ Path          │ mocha > debug                                                │
├───────────────┼──────────────────────────────────────────────────────────────┤
│ More info     │ https://npmjs.com/advisories/534                             │
└───────────────┴──────────────────────────────────────────────────────────────┘
┌───────────────┬──────────────────────────────────────────────────────────────┐
│ High          │ Prototype Pollution                                          │
├───────────────┼──────────────────────────────────────────────────────────────┤
│ Package       │ handlebars                                                   │
├───────────────┼──────────────────────────────────────────────────────────────┤
│ Patched in    │ >=3.0.8 <4.0.0 || >=4.3.0                                    │
├───────────────┼──────────────────────────────────────────────────────────────┤
│ Dependency of │ istanbul [dev]                                               │
├───────────────┼──────────────────────────────────────────────────────────────┤
│ Path          │ istanbul > handlebars                                        │
├───────────────┼──────────────────────────────────────────────────────────────┤
│ More info     │ https://npmjs.com/advisories/1164                            │
└───────────────┴──────────────────────────────────────────────────────────────┘
┌───────────────┬──────────────────────────────────────────────────────────────┐
│ Moderate      │ Denial of Service                                            │
├───────────────┼──────────────────────────────────────────────────────────────┤
│ Package       │ handlebars                                                   │
├───────────────┼──────────────────────────────────────────────────────────────┤
│ Patched in    │ >=4.4.5                                                      │
├───────────────┼──────────────────────────────────────────────────────────────┤
│ Dependency of │ istanbul [dev]                                               │
├───────────────┼──────────────────────────────────────────────────────────────┤
│ Path          │ istanbul > handlebars                                        │
├───────────────┼──────────────────────────────────────────────────────────────┤
│ More info     │ https://npmjs.com/advisories/1300                            │
└───────────────┴──────────────────────────────────────────────────────────────┘
┌───────────────┬──────────────────────────────────────────────────────────────┐
│ High          │ Arbitrary Code Execution                                     │
├───────────────┼──────────────────────────────────────────────────────────────┤
│ Package       │ handlebars                                                   │
├───────────────┼──────────────────────────────────────────────────────────────┤
│ Patched in    │ >=3.0.8 <4.0.0 || >=4.5.2                                    │
├───────────────┼──────────────────────────────────────────────────────────────┤
│ Dependency of │ istanbul [dev]                                               │
├───────────────┼──────────────────────────────────────────────────────────────┤
│ Path          │ istanbul > handlebars                                        │
├───────────────┼──────────────────────────────────────────────────────────────┤
│ More info     │ https://npmjs.com/advisories/1316                            │
└───────────────┴──────────────────────────────────────────────────────────────┘
┌───────────────┬──────────────────────────────────────────────────────────────┐
│ High          │ Arbitrary Code Execution                                     │
├───────────────┼──────────────────────────────────────────────────────────────┤
│ Package       │ handlebars                                                   │
├───────────────┼──────────────────────────────────────────────────────────────┤
│ Patched in    │ >=3.0.8 <4.0.0 || >=4.5.3                                    │
├───────────────┼──────────────────────────────────────────────────────────────┤
│ Dependency of │ istanbul [dev]                                               │
├───────────────┼──────────────────────────────────────────────────────────────┤
│ Path          │ istanbul > handlebars                                        │
├───────────────┼──────────────────────────────────────────────────────────────┤
│ More info     │ https://npmjs.com/advisories/1324                            │
└───────────────┴──────────────────────────────────────────────────────────────┘
┌───────────────┬──────────────────────────────────────────────────────────────┐
│ High          │ Prototype Pollution                                          │
├───────────────┼──────────────────────────────────────────────────────────────┤
│ Package       │ handlebars                                                   │
├───────────────┼──────────────────────────────────────────────────────────────┤
│ Patched in    │ >=3.0.8 <4.0.0 || >=4.5.3                                    │
├───────────────┼──────────────────────────────────────────────────────────────┤
│ Dependency of │ istanbul [dev]                                               │
├───────────────┼──────────────────────────────────────────────────────────────┤
│ Path          │ istanbul > handlebars                                        │
├───────────────┼──────────────────────────────────────────────────────────────┤
│ More info     │ https://npmjs.com/advisories/1325                            │
└───────────────┴──────────────────────────────────────────────────────────────┘
┌───────────────┬──────────────────────────────────────────────────────────────┐
│ Low           │ Prototype Pollution                                          │
├───────────────┼──────────────────────────────────────────────────────────────┤
│ Package       │ minimist                                                     │
├───────────────┼──────────────────────────────────────────────────────────────┤
│ Patched in    │ >=0.2.1 <1.0.0 || >=1.2.3                                    │
├───────────────┼──────────────────────────────────────────────────────────────┤
│ Dependency of │ istanbul [dev]                                               │
├───────────────┼──────────────────────────────────────────────────────────────┤
│ Path          │ istanbul > handlebars > optimist > minimist                  │
├───────────────┼──────────────────────────────────────────────────────────────┤
│ More info     │ https://npmjs.com/advisories/1179                            │
└───────────────┴──────────────────────────────────────────────────────────────┘
┌───────────────┬──────────────────────────────────────────────────────────────┐
│ Low           │ Prototype Pollution                                          │
├───────────────┼──────────────────────────────────────────────────────────────┤
│ Package       │ minimist                                                     │
├───────────────┼──────────────────────────────────────────────────────────────┤
│ Patched in    │ >=0.2.1 <1.0.0 || >=1.2.3                                    │
├───────────────┼──────────────────────────────────────────────────────────────┤
│ Dependency of │ istanbul [dev]                                               │
├───────────────┼──────────────────────────────────────────────────────────────┤
│ Path          │ istanbul > mkdirp > minimist                                 │
├───────────────┼──────────────────────────────────────────────────────────────┤
│ More info     │ https://npmjs.com/advisories/1179                            │
└───────────────┴──────────────────────────────────────────────────────────────┘
found 31 vulnerabilities (12 low, 6 moderate, 12 high, 1 critical) in 236 scanned packages
  run `npm audit fix` to fix 19 of them.
  4 vulnerabilities require semver-major dependency updates.
  8 vulnerabilities require manual review. See the full report for details.
